2025-08-22 08:36:51.495 WARN  [main] org.hibernate.orm.deprecation - HHH90000025: OracleDialect does not need to be specified explicitly using 'hibernate.dialect' (remove the property setting and it will be selected by default)
2025-08-22 08:36:52.649 WARN  [main] o.a.c.loader.WebappClassLoaderBase - The web application [ROOT] appears to have started a thread named [oracle.jdbc.diagnostics.Diagnostic.CLOCK] but has failed to stop it. This is very likely to create a memory leak. Stack trace of thread:
 java.base@18.0.2/java.lang.Object.wait(Native Method)
 java.base@18.0.2/java.util.TimerThread.mainLoop(Timer.java:563)
 java.base@18.0.2/java.util.TimerThread.run(Timer.java:516)
2025-08-22 08:36:52.649 WARN  [main] o.a.c.loader.WebappClassLoaderBase - The web application [ROOT] appears to have started a thread named [oracle.jdbc.driver.BlockSource.ThreadedCachingBlockSource.BlockReleaser] but has failed to stop it. This is very likely to create a memory leak. Stack trace of thread:
 java.base@18.0.2/jdk.internal.misc.Unsafe.park(Native Method)
 java.base@18.0.2/java.util.concurrent.locks.LockSupport.parkNanos(LockSupport.java:252)
 java.base@18.0.2/java.util.concurrent.locks.AbstractQueuedSynchronizer$ConditionObject.awaitNanos(AbstractQueuedSynchronizer.java:1672)
 app//oracle.jdbc.internal.Monitor$WaitableMonitor.monitorWait(Monitor.java:324)
 app//oracle.jdbc.internal.Monitor$WaitableMonitor.monitorWait(Monitor.java:306)
 app//oracle.jdbc.driver.BlockSource$ThreadedCachingBlockSource$BlockReleaser.run(BlockSource.java:346)
2025-08-22 08:36:52.659 WARN  [main] o.a.c.loader.WebappClassLoaderBase - The web application [ROOT] appears to have started a thread named [InterruptTimer] but has failed to stop it. This is very likely to create a memory leak. Stack trace of thread:
 java.base@18.0.2/java.lang.Object.wait(Native Method)
 java.base@18.0.2/java.util.TimerThread.mainLoop(Timer.java:563)
 java.base@18.0.2/java.util.TimerThread.run(Timer.java:516)
2025-08-22 08:36:52.659 WARN  [main] o.a.c.loader.WebappClassLoaderBase - The web application [ROOT] appears to have started a thread named [OJDBC-WORKER-THREAD-1] but has failed to stop it. This is very likely to create a memory leak. Stack trace of thread:
 java.base@18.0.2/jdk.internal.misc.Unsafe.park(Native Method)
 java.base@18.0.2/java.util.concurrent.locks.LockSupport.parkNanos(LockSupport.java:252)
 java.base@18.0.2/java.util.concurrent.SynchronousQueue$TransferStack.transfer(SynchronousQueue.java:401)
 java.base@18.0.2/java.util.concurrent.SynchronousQueue.poll(SynchronousQueue.java:903)
 java.base@18.0.2/java.util.concurrent.ThreadPoolExecutor.getTask(ThreadPoolExecutor.java:1061)
 java.base@18.0.2/java.util.concurrent.ThreadPoolExecutor.runWorker(ThreadPoolExecutor.java:1122)
 java.base@18.0.2/java.util.concurrent.ThreadPoolExecutor$Worker.run(ThreadPoolExecutor.java:635)
 java.base@18.0.2/java.lang.Thread.run(Thread.java:833)
2025-08-22 08:36:52.660 WARN  [main] o.a.c.loader.WebappClassLoaderBase - The web application [ROOT] appears to have started a thread named [HikariPool-1 housekeeper] but has failed to stop it. This is very likely to create a memory leak. Stack trace of thread:
 java.base@18.0.2/jdk.internal.misc.Unsafe.park(Native Method)
 java.base@18.0.2/java.util.concurrent.locks.LockSupport.parkNanos(LockSupport.java:252)
 java.base@18.0.2/java.util.concurrent.locks.AbstractQueuedSynchronizer$ConditionObject.awaitNanos(AbstractQueuedSynchronizer.java:1672)
 java.base@18.0.2/java.util.concurrent.ScheduledThreadPoolExecutor$DelayedWorkQueue.take(ScheduledThreadPoolExecutor.java:1182)
 java.base@18.0.2/java.util.concurrent.ScheduledThreadPoolExecutor$DelayedWorkQueue.take(ScheduledThreadPoolExecutor.java:899)
 java.base@18.0.2/java.util.concurrent.ThreadPoolExecutor.getTask(ThreadPoolExecutor.java:1062)
 java.base@18.0.2/java.util.concurrent.ThreadPoolExecutor.runWorker(ThreadPoolExecutor.java:1122)
 java.base@18.0.2/java.util.concurrent.ThreadPoolExecutor$Worker.run(ThreadPoolExecutor.java:635)
 java.base@18.0.2/java.lang.Thread.run(Thread.java:833)
2025-08-22 08:36:52.660 WARN  [main] o.a.c.loader.WebappClassLoaderBase - The web application [ROOT] appears to have started a thread named [HikariPool-1 connection adder] but has failed to stop it. This is very likely to create a memory leak. Stack trace of thread:
 java.base@18.0.2/jdk.internal.misc.Unsafe.park(Native Method)
 java.base@18.0.2/java.util.concurrent.locks.LockSupport.parkNanos(LockSupport.java:252)
 java.base@18.0.2/java.util.concurrent.locks.AbstractQueuedSynchronizer$ConditionObject.awaitNanos(AbstractQueuedSynchronizer.java:1672)
 java.base@18.0.2/java.util.concurrent.LinkedBlockingQueue.poll(LinkedBlockingQueue.java:460)
 java.base@18.0.2/java.util.concurrent.ThreadPoolExecutor.getTask(ThreadPoolExecutor.java:1061)
 java.base@18.0.2/java.util.concurrent.ThreadPoolExecutor.runWorker(ThreadPoolExecutor.java:1122)
 java.base@18.0.2/java.util.concurrent.ThreadPoolExecutor$Worker.run(ThreadPoolExecutor.java:635)
 java.base@18.0.2/java.lang.Thread.run(Thread.java:833)
2025-08-22 08:36:52.665 WARN  [main] o.s.b.w.s.c.AnnotationConfigServletWebServerApplicationContext - Exception encountered during context initialization - cancelling refresh attempt: org.springframework.context.ApplicationContextException: Unable to start web server
2025-08-22 08:39:39.952 WARN  [main] org.hibernate.orm.deprecation - HHH90000025: OracleDialect does not need to be specified explicitly using 'hibernate.dialect' (remove the property setting and it will be selected by default)
2025-08-22 08:39:41.434 WARN  [main] o.s.b.a.o.j.JpaBaseConfiguration$JpaWebConfiguration - spring.jpa.open-in-view is enabled by default. Therefore, database queries may be performed during view rendering. Explicitly configure spring.jpa.open-in-view to disable this warning
2025-08-22 08:40:47.289 WARN  [main] org.hibernate.orm.deprecation - HHH90000025: OracleDialect does not need to be specified explicitly using 'hibernate.dialect' (remove the property setting and it will be selected by default)
2025-08-22 08:40:48.700 WARN  [main] o.s.b.a.o.j.JpaBaseConfiguration$JpaWebConfiguration - spring.jpa.open-in-view is enabled by default. Therefore, database queries may be performed during view rendering. Explicitly configure spring.jpa.open-in-view to disable this warning
2025-08-22 08:43:07.525 WARN  [main] org.hibernate.orm.deprecation - HHH90000025: OracleDialect does not need to be specified explicitly using 'hibernate.dialect' (remove the property setting and it will be selected by default)
2025-08-22 08:43:08.923 WARN  [main] o.s.b.a.o.j.JpaBaseConfiguration$JpaWebConfiguration - spring.jpa.open-in-view is enabled by default. Therefore, database queries may be performed during view rendering. Explicitly configure spring.jpa.open-in-view to disable this warning
2025-08-22 08:45:21.310 WARN  [http-nio-8082-exec-1] t.u.m.security.JwtRequestFilter - JWT Token does not begin with Bearer String
2025-08-22 08:45:21.310 WARN  [http-nio-8082-exec-2] t.u.m.security.JwtRequestFilter - JWT Token does not begin with Bearer String
2025-08-22 08:46:23.450 WARN  [http-nio-8082-exec-4] t.u.m.security.JwtRequestFilter - JWT Token does not begin with Bearer String
2025-08-22 08:46:24.302 WARN  [http-nio-8082-exec-1] t.u.m.security.JwtRequestFilter - JWT Token does not begin with Bearer String
2025-08-22 09:55:55.108 WARN  [main] org.hibernate.orm.deprecation - HHH90000025: OracleDialect does not need to be specified explicitly using 'hibernate.dialect' (remove the property setting and it will be selected by default)
2025-08-22 09:55:56.479 WARN  [main] o.s.b.a.o.j.JpaBaseConfiguration$JpaWebConfiguration - spring.jpa.open-in-view is enabled by default. Therefore, database queries may be performed during view rendering. Explicitly configure spring.jpa.open-in-view to disable this warning
2025-08-22 09:56:04.900 WARN  [http-nio-8082-exec-5] t.u.m.security.JwtRequestFilter - JWT Token does not begin with Bearer String
2025-08-22 09:56:04.900 WARN  [http-nio-8082-exec-4] t.u.m.security.JwtRequestFilter - JWT Token does not begin with Bearer String
2025-08-22 09:56:04.900 WARN  [http-nio-8082-exec-6] t.u.m.security.JwtRequestFilter - JWT Token does not begin with Bearer String
2025-08-22 09:56:04.900 WARN  [http-nio-8082-exec-1] t.u.m.security.JwtRequestFilter - JWT Token does not begin with Bearer String
2025-08-22 09:56:04.900 WARN  [http-nio-8082-exec-2] t.u.m.security.JwtRequestFilter - JWT Token does not begin with Bearer String
2025-08-22 09:56:04.900 WARN  [http-nio-8082-exec-3] t.u.m.security.JwtRequestFilter - JWT Token does not begin with Bearer String
2025-08-22 11:36:35.808 WARN  [HikariPool-1 housekeeper] com.zaxxer.hikari.pool.HikariPool - HikariPool-1 - Thread starvation or clock leap detected (housekeeper delta=1h39m57s700ms327µs300ns).
2025-08-22 11:38:10.505 WARN  [http-nio-8082-exec-8] t.u.m.security.JwtRequestFilter - JWT Token does not begin with Bearer String
2025-08-22 11:38:10.505 WARN  [http-nio-8082-exec-5] t.u.m.security.JwtRequestFilter - JWT Token does not begin with Bearer String
2025-08-22 11:38:10.505 WARN  [http-nio-8082-exec-10] t.u.m.security.JwtRequestFilter - JWT Token does not begin with Bearer String
2025-08-22 12:30:18.213 WARN  [http-nio-8082-exec-4] t.u.m.security.JwtRequestFilter - JWT Token does not begin with Bearer String
2025-08-22 12:39:47.890 WARN  [http-nio-8082-exec-3] t.u.m.security.JwtRequestFilter - JWT Token does not begin with Bearer String
2025-08-22 12:54:05.406 WARN  [main] org.hibernate.orm.deprecation - HHH90000025: OracleDialect does not need to be specified explicitly using 'hibernate.dialect' (remove the property setting and it will be selected by default)
2025-08-22 12:54:06.953 WARN  [main] o.s.b.a.o.j.JpaBaseConfiguration$JpaWebConfiguration - spring.jpa.open-in-view is enabled by default. Therefore, database queries may be performed during view rendering. Explicitly configure spring.jpa.open-in-view to disable this warning
2025-08-22 12:56:53.657 WARN  [main] org.hibernate.orm.deprecation - HHH90000025: OracleDialect does not need to be specified explicitly using 'hibernate.dialect' (remove the property setting and it will be selected by default)
2025-08-22 12:56:55.107 WARN  [main] o.s.b.a.o.j.JpaBaseConfiguration$JpaWebConfiguration - spring.jpa.open-in-view is enabled by default. Therefore, database queries may be performed during view rendering. Explicitly configure spring.jpa.open-in-view to disable this warning
2025-08-22 13:00:27.898 WARN  [main] org.hibernate.orm.deprecation - HHH90000025: OracleDialect does not need to be specified explicitly using 'hibernate.dialect' (remove the property setting and it will be selected by default)
2025-08-22 13:00:29.288 WARN  [main] o.s.b.a.o.j.JpaBaseConfiguration$JpaWebConfiguration - spring.jpa.open-in-view is enabled by default. Therefore, database queries may be performed during view rendering. Explicitly configure spring.jpa.open-in-view to disable this warning
2025-08-22 13:15:11.580 WARN  [main] org.hibernate.orm.deprecation - HHH90000025: OracleDialect does not need to be specified explicitly using 'hibernate.dialect' (remove the property setting and it will be selected by default)
2025-08-22 13:15:12.972 WARN  [main] o.s.b.a.o.j.JpaBaseConfiguration$JpaWebConfiguration - spring.jpa.open-in-view is enabled by default. Therefore, database queries may be performed during view rendering. Explicitly configure spring.jpa.open-in-view to disable this warning
2025-08-22 13:39:08.968 WARN  [main] org.hibernate.orm.deprecation - HHH90000025: OracleDialect does not need to be specified explicitly using 'hibernate.dialect' (remove the property setting and it will be selected by default)
2025-08-22 13:39:10.325 WARN  [main] o.s.b.a.o.j.JpaBaseConfiguration$JpaWebConfiguration - spring.jpa.open-in-view is enabled by default. Therefore, database queries may be performed during view rendering. Explicitly configure spring.jpa.open-in-view to disable this warning
2025-08-22 13:44:26.661 WARN  [main] org.hibernate.orm.deprecation - HHH90000025: OracleDialect does not need to be specified explicitly using 'hibernate.dialect' (remove the property setting and it will be selected by default)
2025-08-22 13:44:28.035 WARN  [main] o.s.b.a.o.j.JpaBaseConfiguration$JpaWebConfiguration - spring.jpa.open-in-view is enabled by default. Therefore, database queries may be performed during view rendering. Explicitly configure spring.jpa.open-in-view to disable this warning
2025-08-22 13:44:39.155 WARN  [http-nio-8082-exec-1] t.u.m.security.JwtRequestFilter - JWT Token does not begin with Bearer String
2025-08-22 13:46:31.952 WARN  [main] org.hibernate.orm.deprecation - HHH90000025: OracleDialect does not need to be specified explicitly using 'hibernate.dialect' (remove the property setting and it will be selected by default)
2025-08-22 13:46:33.389 WARN  [main] o.s.b.a.o.j.JpaBaseConfiguration$JpaWebConfiguration - spring.jpa.open-in-view is enabled by default. Therefore, database queries may be performed during view rendering. Explicitly configure spring.jpa.open-in-view to disable this warning
2025-08-22 14:06:45.436 WARN  [main] org.hibernate.orm.deprecation - HHH90000025: OracleDialect does not need to be specified explicitly using 'hibernate.dialect' (remove the property setting and it will be selected by default)
2025-08-22 14:06:46.913 WARN  [main] o.s.b.a.o.j.JpaBaseConfiguration$JpaWebConfiguration - spring.jpa.open-in-view is enabled by default. Therefore, database queries may be performed during view rendering. Explicitly configure spring.jpa.open-in-view to disable this warning
2025-08-22 14:08:24.915 WARN  [http-nio-8082-exec-7] t.u.m.security.JwtRequestFilter - JWT Token does not begin with Bearer String
2025-08-22 14:08:24.918 WARN  [http-nio-8082-exec-2] t.u.m.security.JwtRequestFilter - JWT Token does not begin with Bearer String
2025-08-22 14:18:11.623 WARN  [main] org.hibernate.orm.deprecation - HHH90000025: OracleDialect does not need to be specified explicitly using 'hibernate.dialect' (remove the property setting and it will be selected by default)
2025-08-22 14:18:13.010 WARN  [main] o.s.b.a.o.j.JpaBaseConfiguration$JpaWebConfiguration - spring.jpa.open-in-view is enabled by default. Therefore, database queries may be performed during view rendering. Explicitly configure spring.jpa.open-in-view to disable this warning
2025-08-22 14:22:32.172 WARN  [main] org.hibernate.orm.deprecation - HHH90000025: OracleDialect does not need to be specified explicitly using 'hibernate.dialect' (remove the property setting and it will be selected by default)
2025-08-22 14:22:33.587 WARN  [main] o.s.b.a.o.j.JpaBaseConfiguration$JpaWebConfiguration - spring.jpa.open-in-view is enabled by default. Therefore, database queries may be performed during view rendering. Explicitly configure spring.jpa.open-in-view to disable this warning
2025-08-22 14:52:37.082 WARN  [main] org.hibernate.orm.deprecation - HHH90000025: OracleDialect does not need to be specified explicitly using 'hibernate.dialect' (remove the property setting and it will be selected by default)
2025-08-22 14:52:38.469 WARN  [main] o.s.b.a.o.j.JpaBaseConfiguration$JpaWebConfiguration - spring.jpa.open-in-view is enabled by default. Therefore, database queries may be performed during view rendering. Explicitly configure spring.jpa.open-in-view to disable this warning
2025-08-22 15:02:53.068 WARN  [http-nio-8082-exec-2] t.u.m.security.JwtRequestFilter - JWT Token does not begin with Bearer String
2025-08-22 15:02:53.068 WARN  [http-nio-8082-exec-1] t.u.m.security.JwtRequestFilter - JWT Token does not begin with Bearer String
2025-08-22 16:22:53.007 WARN  [main] org.hibernate.orm.deprecation - HHH90000025: OracleDialect does not need to be specified explicitly using 'hibernate.dialect' (remove the property setting and it will be selected by default)
2025-08-22 16:22:54.415 WARN  [main] o.s.b.a.o.j.JpaBaseConfiguration$JpaWebConfiguration - spring.jpa.open-in-view is enabled by default. Therefore, database queries may be performed during view rendering. Explicitly configure spring.jpa.open-in-view to disable this warning
2025-08-22 16:23:00.821 WARN  [http-nio-8082-exec-1] t.u.m.security.JwtRequestFilter - JWT Token does not begin with Bearer String
2025-08-22 16:23:00.821 WARN  [http-nio-8082-exec-2] t.u.m.security.JwtRequestFilter - JWT Token does not begin with Bearer String
2025-08-22 17:23:02.882 WARN  [http-nio-8082-exec-6] t.u.m.security.JwtRequestFilter - JWT Token does not begin with Bearer String
2025-08-22 18:06:10.278 WARN  [main] org.hibernate.orm.deprecation - HHH90000025: OracleDialect does not need to be specified explicitly using 'hibernate.dialect' (remove the property setting and it will be selected by default)
2025-08-22 18:06:11.647 WARN  [main] o.s.b.a.o.j.JpaBaseConfiguration$JpaWebConfiguration - spring.jpa.open-in-view is enabled by default. Therefore, database queries may be performed during view rendering. Explicitly configure spring.jpa.open-in-view to disable this warning
2025-08-22 18:17:06.405 WARN  [main] org.hibernate.orm.deprecation - HHH90000025: OracleDialect does not need to be specified explicitly using 'hibernate.dialect' (remove the property setting and it will be selected by default)
2025-08-22 18:17:07.774 WARN  [main] o.s.b.a.o.j.JpaBaseConfiguration$JpaWebConfiguration - spring.jpa.open-in-view is enabled by default. Therefore, database queries may be performed during view rendering. Explicitly configure spring.jpa.open-in-view to disable this warning
2025-08-22 18:19:03.283 WARN  [http-nio-8082-exec-5] t.u.m.security.JwtRequestFilter - JWT Token does not begin with Bearer String
2025-08-22 18:19:03.283 WARN  [http-nio-8082-exec-8] t.u.m.security.JwtRequestFilter - JWT Token does not begin with Bearer String
2025-08-22 18:20:58.349 WARN  [main] org.hibernate.orm.deprecation - HHH90000025: OracleDialect does not need to be specified explicitly using 'hibernate.dialect' (remove the property setting and it will be selected by default)
2025-08-22 18:20:59.718 WARN  [main] o.s.b.a.o.j.JpaBaseConfiguration$JpaWebConfiguration - spring.jpa.open-in-view is enabled by default. Therefore, database queries may be performed during view rendering. Explicitly configure spring.jpa.open-in-view to disable this warning
2025-08-22 18:29:29.044 WARN  [http-nio-8082-exec-4] t.u.m.security.JwtRequestFilter - JWT Token does not begin with Bearer String
2025-08-22 18:29:29.044 WARN  [http-nio-8082-exec-10] t.u.m.security.JwtRequestFilter - JWT Token does not begin with Bearer String
2025-08-22 19:48:24.738 WARN  [http-nio-8082-exec-2] t.u.m.security.JwtRequestFilter - JWT Token does not begin with Bearer String
2025-08-22 19:48:28.276 WARN  [http-nio-8082-exec-3] t.u.m.security.JwtRequestFilter - JWT Token does not begin with Bearer String
2025-08-22 19:48:28.281 WARN  [http-nio-8082-exec-9] t.u.m.security.JwtRequestFilter - JWT Token does not begin with Bearer String
2025-08-22 21:30:02.726 WARN  [main] org.hibernate.orm.deprecation - HHH90000025: OracleDialect does not need to be specified explicitly using 'hibernate.dialect' (remove the property setting and it will be selected by default)
2025-08-22 21:30:04.086 WARN  [main] o.s.b.a.o.j.JpaBaseConfiguration$JpaWebConfiguration - spring.jpa.open-in-view is enabled by default. Therefore, database queries may be performed during view rendering. Explicitly configure spring.jpa.open-in-view to disable this warning
2025-08-22 21:30:13.166 WARN  [http-nio-8082-exec-5] t.u.m.security.JwtRequestFilter - JWT Token does not begin with Bearer String
2025-08-22 21:30:13.166 WARN  [http-nio-8082-exec-1] t.u.m.security.JwtRequestFilter - JWT Token does not begin with Bearer String
2025-08-22 21:42:25.907 WARN  [http-nio-8082-exec-9] t.u.m.security.JwtRequestFilter - JWT Token does not begin with Bearer String
2025-08-22 21:42:25.909 WARN  [http-nio-8082-exec-7] t.u.m.security.JwtRequestFilter - JWT Token does not begin with Bearer String
2025-08-22 21:49:59.945 WARN  [main] org.hibernate.orm.deprecation - HHH90000025: OracleDialect does not need to be specified explicitly using 'hibernate.dialect' (remove the property setting and it will be selected by default)
2025-08-22 21:50:01.258 WARN  [main] o.s.b.a.o.j.JpaBaseConfiguration$JpaWebConfiguration - spring.jpa.open-in-view is enabled by default. Therefore, database queries may be performed during view rendering. Explicitly configure spring.jpa.open-in-view to disable this warning
2025-08-22 21:51:26.177 WARN  [main] org.hibernate.orm.deprecation - HHH90000025: OracleDialect does not need to be specified explicitly using 'hibernate.dialect' (remove the property setting and it will be selected by default)
2025-08-22 21:51:27.542 WARN  [main] o.s.b.a.o.j.JpaBaseConfiguration$JpaWebConfiguration - spring.jpa.open-in-view is enabled by default. Therefore, database queries may be performed during view rendering. Explicitly configure spring.jpa.open-in-view to disable this warning
2025-08-22 21:52:32.696 WARN  [http-nio-8082-exec-4] t.u.m.security.JwtRequestFilter - JWT Token does not begin with Bearer String
2025-08-22 21:52:32.696 WARN  [http-nio-8082-exec-1] t.u.m.security.JwtRequestFilter - JWT Token does not begin with Bearer String
2025-08-22 22:01:03.761 WARN  [main] org.hibernate.orm.deprecation - HHH90000025: OracleDialect does not need to be specified explicitly using 'hibernate.dialect' (remove the property setting and it will be selected by default)
2025-08-22 22:01:05.139 WARN  [main] o.s.b.a.o.j.JpaBaseConfiguration$JpaWebConfiguration - spring.jpa.open-in-view is enabled by default. Therefore, database queries may be performed during view rendering. Explicitly configure spring.jpa.open-in-view to disable this warning
2025-08-22 22:02:38.211 WARN  [http-nio-8082-exec-3] t.u.m.security.JwtRequestFilter - JWT Token does not begin with Bearer String
2025-08-22 22:02:38.211 WARN  [http-nio-8082-exec-9] t.u.m.security.JwtRequestFilter - JWT Token does not begin with Bearer String
2025-08-22 22:53:06.025 WARN  [http-nio-8082-exec-2] t.u.m.security.JwtRequestFilter - JWT Token does not begin with Bearer String
2025-08-22 22:53:06.026 WARN  [http-nio-8082-exec-1] t.u.m.security.JwtRequestFilter - JWT Token does not begin with Bearer String
2025-08-22 23:02:40.229 WARN  [http-nio-8082-exec-4] t.u.m.security.JwtRequestFilter - JWT Token does not begin with Bearer String
2025-08-22 23:02:40.229 WARN  [http-nio-8082-exec-5] t.u.m.security.JwtRequestFilter - JWT Token does not begin with Bearer String
2025-08-22 23:53:12.445 WARN  [http-nio-8082-exec-1] t.u.m.security.JwtRequestFilter - JWT Token does not begin with Bearer String
2025-08-22 23:53:12.445 WARN  [http-nio-8082-exec-8] t.u.m.security.JwtRequestFilter - JWT Token does not begin with Bearer String
